Filename                            Regions    Missed Regions     Cover   Functions  Missed Functions  Executed       Lines      Missed Lines     Cover    Branches   Missed Branches     Cover
-----------------------------------------------------------------------------------------------------------------------------------------------------------------------------------------------
api_doc.rs                               11                11     0.00%           1                 1     0.00%          13                13     0.00%           0                 0         -
app_state.rs                              3                 3     0.00%           1                 1     0.00%           3                 3     0.00%           0                 0         -
bin/seed.rs                              43                43     0.00%           2                 2     0.00%          23                23     0.00%           0                 0         -
config.rs                               137                89    35.04%          13                 9    30.77%          99                62    37.37%           0                 0         -
db/pool.rs                               91                91     0.00%           4                 4     0.00%          60                60     0.00%           0                 0         -
dto/users.rs                             32                32     0.00%           4                 4     0.00%          26                26     0.00%           0                 0         -
errors.rs                               117                29    75.21%          14                 5    64.29%          86                31    63.95%           0                 0         -
handlers/auth.rs                         39                39     0.00%           6                 6     0.00%          55                55     0.00%           0                 0         -
handlers/list_control.rs                567                46    91.89%          27                 4    85.19%         523                35    93.31%           0                 0         -
handlers/pending_submission.rs          147                38    74.15%          19                 6    68.42%         119                41    65.55%           0                 0         -
handlers/search_vehicle.rs              492                59    88.01%          34                 3    91.18%         308                38    87.66%           0                 0         -
handlers/stats.rs                         8                 8     0.00%           2                 2     0.00%           7                 7     0.00%           0                 0         -
handlers/user_management.rs              52                52     0.00%          12                12     0.00%          45                45     0.00%           0                 0         -
handlers/users.rs                        19                19     0.00%           2                 2     0.00%          16                16     0.00%           0                 0         -
main.rs                                  65                65     0.00%           2                 2     0.00%          29                29     0.00%           0                 0         -
middleware/cors.rs                       17                17     0.00%           1                 1     0.00%          12                12     0.00%           0                 0         -
middleware/logging.rs                    12                12     0.00%           2                 2     0.00%           5                 5     0.00%           0                 0         -
queries/control_queries.rs              278               278     0.00%           8                 8     0.00%         210               210     0.00%           0                 0         -
queries/organization_queries.rs          37                37     0.00%           3                 3     0.00%          33                33     0.00%           0                 0         -
queries/stats_queries.rs                 42                42     0.00%           2                 2     0.00%          33                33     0.00%           0                 0         -
queries/submission_queries.rs           112               112     0.00%           6                 6     0.00%          93                93     0.00%           0                 0         -
queries/user_queries.rs                 250               250     0.00%          12                12     0.00%         222               222     0.00%           0                 0         -
queries/vehicle_queries.rs              372                74    80.11%          20                 4    80.00%         333                86    74.17%           0                 0         -
routes.rs                                66                66     0.00%           3                 3     0.00%          41                41     0.00%           0                 0         -
services/vehicle_service.rs             690                 4    99.42%          46                 0   100.00%         484                 0   100.00%           0                 0         -
-----------------------------------------------------------------------------------------------------------------------------------------------------------------------------------------------
TOTAL                                  3699              1516    59.02%         246               104    57.72%        2878              1219    57.64%           0                 0         -
